INFO:werkzeug: * Restarting with watchdog (windowsapi)
WARNING:werkzeug: * Debugger is active!
INFO:werkzeug: * Debugger PIN: 102-967-804
WARNING:werkzeug: * Running on all addresses.
   WARNING: This is a development server. Do not use it in a production deployment.
INFO:werkzeug: * Running on http://192.168.29.12:5000/ (Press CTRL+C to quit)
INFO:werkzeug:192.168.29.12 - - [12/Feb/2023 17:07:08] "GET / HTTP/1.1" 200 -
INFO:werkzeug:192.168.29.12 - - [12/Feb/2023 17:07:08] "[33mGET /favicon.ico HTTP/1.1[0m" 404 -
INFO:root:No Rating
INFO:root:No Comment Heading
INFO:root:'NoneType' object has no attribute 'div'
INFO:root:log my final result [{'Product': 'iphone11', 'Name': 'Flipkart Customer', 'Rating': '5', 'CommentHead': 'Simply awesome', 'Comment': 'Really satisfied with the Product I received... It’s totally genuine and the packaging was also really good so if ur planning to buy just go for it.'}, {'Product': 'iphone11', 'Name': 'Flipkart Customer', 'Rating': '5', 'CommentHead': 'Perfect product!', 'Comment': 'Amazing phone with great cameras and better battery which gives you the best performance. I just love the camera .'}, {'Product': 'iphone11', 'Name': 'George Haokip', 'Rating': '4', 'CommentHead': 'Value-for-money', 'Comment': "I'm Really happy with the productDelivery was fast as well..it was a gift for my sister and she loved it so much."}, {'Product': 'iphone11', 'Name': 'Manish Raghuvanshi', 'Rating': '5', 'CommentHead': 'Best in the market!', 'Comment': 'Great iPhone very snappy experience as apple kind. Upgraded from iPhone 7. Pros-Camera top class - Battery top performed -Chipset no need to say as apple kind -Security as you expect from apple - Display super bright industry leading colour   accuracy and super responsive -Build quality as expect from apple sturdy  premium durable beautiful stylish. -Os most stable os in smartphone industry Cons -No 5G-Display is not based on OLED technology -Charger headphones and 1 apple stic...'}, {'Product': 'iphone11', 'Name': 'Jimly  Gogoi', 'Rating': '5', 'CommentHead': 'Highly recommended', 'Comment': "It's my first time to use iOS phone and I am loving my upgradation \U0001f60d\U0001f60d I love the color, I love the assebility of the phone....I need to learn more about its functionality, but as far as I have seen, it's quite easy and it has a lot of functions to work on, specially if you are a content writer or a blogger you get a lot of content creation platforms and they are really amazing. This phone not only for good quality photography but a lot of other task too.\U0001f60d\U0001f4af"}, {'Product': 'iphone11', 'Name': 'Vamshi  Chakrala ', 'Rating': '5', 'CommentHead': 'Worth every penny', 'Comment': 'Previously I was using one plus 3t it was a great phone And then I decided to upgrade I am stuck between Samsung s10 plus or iPhone 11 I have seen the specs and everything were good except the display it’s somewhere between 720-1080 and it’s not even an amoled it’s an LCD display But I decided to go with iPhone because I have never used an IOS device I have Been an android user from the past 9 years I ordered IPhone 11 (128gb) product redMy experience after using 3 weeks 1. The delivery ...'}, {'Product': 'iphone11', 'Name': 'Chirag Rajput', 'Rating': '5', 'CommentHead': 'Perfect product!', 'Comment': 'Value for money5 star rating Excellent cameraBattery backup full day in single charge.Tougher and water resistant design, glossy back.The screen has excellent brightness and contrast.Apple A13 Bionic is the fastest smartphone chip on the planet.Excellent battery life, fast charging support.Stereo speakers with great quality.'}, {'Product': 'iphone11', 'Name': 'Vishal Dubey', 'Rating': '5', 'CommentHead': 'Highly recommended', 'Comment': 'What a camera .....just awesome ..you can feel this iPhone just awesome . Good for gaming also ...try pubg in hd it’s just wow'}, {'Product': 'iphone11', 'Name': 'Rahul Verma', 'Rating': '5', 'CommentHead': 'Great product', 'Comment': 'Amazing Powerful and Durable Gadget.I’m am very happy with the camera picture quality, Amazing face id unlocked in dark room, Strong battery with perfect screen size as you can carry easily in pocket. This is my third iPhone. I shifted from android Samsung Note series to iPhone because of the strong build quality and peace of mind for next 3-4 years.Don’t think to much just go for it and I suggest you to go for minimum 128gb variant or more 256gb. I’ve attached my puppy pics and no fi...'}, {'Product': 'iphone11', 'Name': 'vijay hegde', 'Rating': '4', 'CommentHead': 'Pretty good', 'Comment': 'I was using Iphone 6s and also Oneplus 6t. Both mobiles were perfectly alright in Photos, gaming, and smooth interface . My 6s mobile getting battery issue. thought upgrade to 11. Really like this mobile of its Internal storage (compare to 6s) , camera and its touch feeling. Its a worth buying mobile for me.'}, {'Product': 'iphone11', 'Name': 'No Name', 'Rating': 'No Rating', 'CommentHead': 'No Comment Heading', 'Comment': 'I was using Iphone 6s and also Oneplus 6t. Both mobiles were perfectly alright in Photos, gaming, and smooth interface . My 6s mobile getting battery issue. thought upgrade to 11. Really like this mobile of its Internal storage (compare to 6s) , camera and its touch feeling. Its a worth buying mobile for me.'}]
INFO:werkzeug:192.168.29.12 - - [12/Feb/2023 17:07:16] "POST /review HTTP/1.1" 200 -
INFO:werkzeug:192.168.29.12 - - [12/Feb/2023 17:07:16] "[33mGET /style.css HTTP/1.1[0m" 404 -
INFO:werkzeug: * Restarting with watchdog (windowsapi)
WARNING:werkzeug: * Debugger is active!
INFO:werkzeug: * Debugger PIN: 102-967-804
WARNING:werkzeug: * Running on all addresses.
   WARNING: This is a development server. Do not use it in a production deployment.
INFO:werkzeug: * Running on http://192.168.29.12:5000/ (Press CTRL+C to quit)
INFO:werkzeug: * Restarting with watchdog (windowsapi)
WARNING:werkzeug: * Debugger is active!
INFO:werkzeug: * Debugger PIN: 102-967-804
WARNING:werkzeug: * Running on all addresses.
   WARNING: This is a development server. Do not use it in a production deployment.
INFO:werkzeug: * Running on http://192.168.29.12:5000/ (Press CTRL+C to quit)
INFO:werkzeug:192.168.29.12 - - [12/Feb/2023 17:37:45] "GET / HTTP/1.1" 200 -
INFO:root:'charmap' codec can't encode character '\U0001f60d' in position 502: character maps to <undefined>
INFO:werkzeug:192.168.29.12 - - [12/Feb/2023 17:37:55] "POST /review HTTP/1.1" 200 -
INFO:werkzeug: * Detected change in 'D:\\project\\Flask\\review_scrapper\\app.py', reloading
INFO:werkzeug: * Detected change in 'D:\\project\\Flask\\review_scrapper\\app.py', reloading
INFO:werkzeug: * Detected change in 'D:\\project\\Flask\\review_scrapper\\app.py', reloading
INFO:werkzeug: * Detected change in 'D:\\project\\Flask\\review_scrapper\\app.py', reloading
INFO:werkzeug: * Restarting with watchdog (windowsapi)
INFO:werkzeug: * Restarting with watchdog (windowsapi)
WARNING:werkzeug: * Debugger is active!
INFO:werkzeug: * Debugger PIN: 102-967-804
WARNING:werkzeug: * Running on all addresses.
   WARNING: This is a development server. Do not use it in a production deployment.
INFO:werkzeug: * Running on http://192.168.29.12:5000/ (Press CTRL+C to quit)
INFO:root:'charmap' codec can't encode character '\U0001f60d' in position 502: character maps to <undefined>
INFO:werkzeug:192.168.29.12 - - [12/Feb/2023 17:39:19] "POST /review HTTP/1.1" 200 -
INFO:werkzeug: * Detected change in 'D:\\project\\Flask\\review_scrapper\\app.py', reloading
INFO:werkzeug: * Detected change in 'D:\\project\\Flask\\review_scrapper\\app.py', reloading
INFO:werkzeug: * Detected change in 'D:\\project\\Flask\\review_scrapper\\app.py', reloading
INFO:werkzeug: * Detected change in 'D:\\project\\Flask\\review_scrapper\\app.py', reloading
INFO:werkzeug: * Restarting with watchdog (windowsapi)
WARNING:werkzeug: * Debugger is active!
INFO:werkzeug: * Debugger PIN: 102-967-804
WARNING:werkzeug: * Running on all addresses.
   WARNING: This is a development server. Do not use it in a production deployment.
INFO:werkzeug: * Running on http://192.168.29.12:5000/ (Press CTRL+C to quit)
INFO:werkzeug:192.168.29.12 - - [12/Feb/2023 17:39:38] "GET / HTTP/1.1" 200 -
INFO:root:No Rating
INFO:root:No Comment Heading
INFO:root:'NoneType' object has no attribute 'div'
INFO:root:log my final result [{'Product': 'iphone7', 'Name': 'Hemanta Sa', 'Rating': '5', 'CommentHead': 'Worth every penny', 'Comment': 'Thank u Flipkart for your fast delivery. It is awesome and very very nice.I like this very much.'}, {'Product': 'iphone7', 'Name': 'Ezzazuddin Huseni', 'Rating': '5', 'CommentHead': 'Must buy!', 'Comment': "From last 5 years my younger brother was using iphone 4s  and i bought iphone 7 for his birthday gift. When i gave gift packet to him he was thinking that my bro bought watch/pen/or something else but he didn't expected iphone 7 . When he opened, i found tear in his eye and he hug me.this all possible only because of flipkart sale coz we r from middle class family and can't afford this mobile in it's actual price so flipkart makes us happy.Thanks you flipkart \U0001f60d"}, {'Product': 'iphone7', 'Name': 'Gautam Choudhary', 'Rating': '5', 'CommentHead': 'Worth every penny', 'Comment': 'Awesome Smartphone for iPhone lover..I got it during The Big Billion Day Sale..Camera Quality AwesomePerformance is SuperbGood Display Beautiful Looking Battery performs is minus point as per trend it is not as much sufficient but not too bad..Really love it ?????Thank you Flipkart..????'}, {'Product': 'iphone7', 'Name': 'Anish Singh', 'Rating': '5', 'CommentHead': 'Simply awesome', 'Comment': "My first iPhone \u2764\ufe0fGot 3 days before expected delivery date. Thank you Flipkart.Phone is looking so classy, handy & beautiful.It's a black beauty. Sound & display quality is awesome .For best music experience use your Apple headphones, which you will get with box.Loved it \u2764\ufe0f"}, {'Product': 'iphone7', 'Name': 'suresh b', 'Rating': '4', 'CommentHead': 'Pretty good', 'Comment': 'excellent phone camera is very nice and the stereo speakers are fantastic it gives you cinematic experience with the cool retaina display .Blindly go for it value for money .'}, {'Product': 'iphone7', 'Name': 'Flipkart Customer', 'Rating': '4', 'CommentHead': 'Pretty good', 'Comment': 'I have been using the earlier versions of iPhones therefore no great change with the UI on personal front. I purchased a rose gold phone but I realised that I should have gone with the black colour. The camera of iPhones are superior in all sense. The phone is sleek and light weight but slippery. Delivery was as promised. Another thing to note is, henceforth the phone are “Made in India” products.'}, {'Product': 'iphone7', 'Name': 'Mayank Chaube', 'Rating': '5', 'CommentHead': 'Perfect product!', 'Comment': 'IMPORTANT NOTICEIf you buy some apple device online there specifically i phones so 99% of it you get original phones.. but whenever you findp out best deals for yourself do ensure its imei numberSecondly, the probably of getting duplicate accessories increases with the increasing discount.. so must verify themREST the phone is superb especially when you shift first time from Android or WindowsFingerprint and Display attracted me the most\U0001f603\U0001f603'}, {'Product': 'iphone7', 'Name': 'Shariq Ahmad Beigh', 'Rating': '5', 'CommentHead': 'Awesome', 'Comment': 'Well, what can I say... iPhone is awesome as expected. Added the prompt delivery from Flipkart with great packaging. Truly satisfied...The lightening connector Air pods are amazing and a huge upgrade in voice quality when we compared it with an old iPhone earphone.Only con: Not a con really but I would have liked wireless Air Pods with this phone, but after seeing the performance of my lightening connector Air pods I have no regrets at all.'}, {'Product': 'iphone7', 'Name': 'chandan kumar panda', 'Rating': '5', 'CommentHead': 'Great product', 'Comment': "amazing phone  my first i phone 7 it is really nice and good performance valueable money \U0001f609 , it's run with IOS 13 that is osm new features and amazing features 10/10 \U0001f970\U0001f60d"}, {'Product': 'iphone7', 'Name': 'Jay Nimavat ', 'Rating': '5', 'CommentHead': 'Best in the market!', 'Comment': 'awesome product... speedy delivery before time by flipkart ... very happy thank u flipkart'}, {'Product': 'iphone7', 'Name': 'No Name', 'Rating': 'No Rating', 'CommentHead': 'No Comment Heading', 'Comment': 'awesome product... speedy delivery before time by flipkart ... very happy thank u flipkart'}]
INFO:werkzeug:192.168.29.12 - - [12/Feb/2023 17:39:46] "POST /review HTTP/1.1" 200 -
INFO:werkzeug:192.168.29.12 - - [12/Feb/2023 17:39:46] "[33mGET /style.css HTTP/1.1[0m" 404 -
INFO:werkzeug: * Detected change in 'D:\\project\\Flask\\review_scrapper\\app.py', reloading
INFO:werkzeug: * Detected change in 'D:\\project\\Flask\\review_scrapper\\app.py', reloading
INFO:werkzeug: * Restarting with watchdog (windowsapi)
WARNING:werkzeug: * Debugger is active!
INFO:werkzeug: * Debugger PIN: 102-967-804
WARNING:werkzeug: * Running on all addresses.
   WARNING: This is a development server. Do not use it in a production deployment.
INFO:werkzeug: * Running on http://192.168.29.12:5000/ (Press CTRL+C to quit)
INFO:werkzeug:192.168.29.12 - - [12/Feb/2023 17:40:01] "GET / HTTP/1.1" 200 -
INFO:root:'charmap' codec can't encode characters in position 110-111: character maps to <undefined>
INFO:werkzeug:192.168.29.12 - - [12/Feb/2023 17:40:06] "POST /review HTTP/1.1" 200 -
INFO:werkzeug: * Detected change in 'D:\\project\\Flask\\review_scrapper\\app.py', reloading
INFO:werkzeug: * Detected change in 'D:\\project\\Flask\\review_scrapper\\app.py', reloading
INFO:werkzeug: * Detected change in 'D:\\project\\Flask\\review_scrapper\\app.py', reloading
INFO:werkzeug: * Restarting with watchdog (windowsapi)
WARNING:werkzeug: * Debugger is active!
INFO:werkzeug: * Debugger PIN: 102-967-804
WARNING:werkzeug: * Running on all addresses.
   WARNING: This is a development server. Do not use it in a production deployment.
INFO:werkzeug: * Running on http://192.168.29.12:5000/ (Press CTRL+C to quit)
INFO:werkzeug: * Detected change in 'D:\\project\\Flask\\review_scrapper\\app.py', reloading
INFO:werkzeug: * Detected change in 'D:\\project\\Flask\\review_scrapper\\app.py', reloading
INFO:werkzeug: * Detected change in 'D:\\project\\Flask\\review_scrapper\\app.py', reloading
INFO:werkzeug: * Detected change in 'D:\\project\\Flask\\review_scrapper\\app.py', reloading
INFO:werkzeug: * Restarting with watchdog (windowsapi)
WARNING:werkzeug: * Debugger is active!
INFO:werkzeug: * Debugger PIN: 102-967-804
WARNING:werkzeug: * Running on all addresses.
   WARNING: This is a development server. Do not use it in a production deployment.
INFO:werkzeug: * Running on http://192.168.29.12:5000/ (Press CTRL+C to quit)
INFO:werkzeug: * Detected change in 'D:\\project\\Flask\\review_scrapper\\app.py', reloading
INFO:werkzeug: * Detected change in 'D:\\project\\Flask\\review_scrapper\\app.py', reloading
INFO:werkzeug: * Detected change in 'D:\\project\\Flask\\review_scrapper\\app.py', reloading
INFO:werkzeug: * Detected change in 'D:\\project\\Flask\\review_scrapper\\app.py', reloading
INFO:werkzeug: * Restarting with watchdog (windowsapi)
WARNING:werkzeug: * Debugger is active!
INFO:werkzeug: * Debugger PIN: 102-967-804
WARNING:werkzeug: * Running on all addresses.
   WARNING: This is a development server. Do not use it in a production deployment.
INFO:werkzeug: * Running on http://192.168.29.12:5000/ (Press CTRL+C to quit)
INFO:werkzeug:192.168.29.12 - - [12/Feb/2023 17:40:54] "GET / HTTP/1.1" 200 -
INFO:root:'charmap' codec can't encode character '\U0001f4f7' in position 125: character maps to <undefined>
INFO:werkzeug:192.168.29.12 - - [12/Feb/2023 17:41:02] "POST /review HTTP/1.1" 200 -
INFO:werkzeug: * Detected change in 'D:\\project\\Flask\\review_scrapper\\app.py', reloading
INFO:werkzeug: * Detected change in 'D:\\project\\Flask\\review_scrapper\\app.py', reloading
INFO:werkzeug: * Detected change in 'D:\\project\\Flask\\review_scrapper\\app.py', reloading
INFO:werkzeug: * Restarting with watchdog (windowsapi)
WARNING:werkzeug: * Debugger is active!
INFO:werkzeug: * Debugger PIN: 102-967-804
WARNING:werkzeug: * Running on all addresses.
   WARNING: This is a development server. Do not use it in a production deployment.
INFO:werkzeug: * Running on http://192.168.29.12:5000/ (Press CTRL+C to quit)
INFO:werkzeug:192.168.29.12 - - [12/Feb/2023 17:41:15] "GET / HTTP/1.1" 200 -
INFO:root:No Rating
INFO:root:No Comment Heading
INFO:root:'NoneType' object has no attribute 'div'
INFO:root:log my final result [{'Product': 'iphone7', 'Name': 'Hemanta Sa', 'Rating': '5', 'CommentHead': 'Worth every penny', 'Comment': 'Thank u Flipkart for your fast delivery. It is awesome and very very nice.I like this very much.'}, {'Product': 'iphone7', 'Name': 'Ezzazuddin Huseni', 'Rating': '5', 'CommentHead': 'Must buy!', 'Comment': "From last 5 years my younger brother was using iphone 4s  and i bought iphone 7 for his birthday gift. When i gave gift packet to him he was thinking that my bro bought watch/pen/or something else but he didn't expected iphone 7 . When he opened, i found tear in his eye and he hug me.this all possible only because of flipkart sale coz we r from middle class family and can't afford this mobile in it's actual price so flipkart makes us happy.Thanks you flipkart \U0001f60d"}, {'Product': 'iphone7', 'Name': 'Gautam Choudhary', 'Rating': '5', 'CommentHead': 'Worth every penny', 'Comment': 'Awesome Smartphone for iPhone lover..I got it during The Big Billion Day Sale..Camera Quality AwesomePerformance is SuperbGood Display Beautiful Looking Battery performs is minus point as per trend it is not as much sufficient but not too bad..Really love it ?????Thank you Flipkart..????'}, {'Product': 'iphone7', 'Name': 'Anish Singh', 'Rating': '5', 'CommentHead': 'Simply awesome', 'Comment': "My first iPhone \u2764\ufe0fGot 3 days before expected delivery date. Thank you Flipkart.Phone is looking so classy, handy & beautiful.It's a black beauty. Sound & display quality is awesome .For best music experience use your Apple headphones, which you will get with box.Loved it \u2764\ufe0f"}, {'Product': 'iphone7', 'Name': 'suresh b', 'Rating': '4', 'CommentHead': 'Pretty good', 'Comment': 'excellent phone camera is very nice and the stereo speakers are fantastic it gives you cinematic experience with the cool retaina display .Blindly go for it value for money .'}, {'Product': 'iphone7', 'Name': 'Flipkart Customer', 'Rating': '4', 'CommentHead': 'Pretty good', 'Comment': 'I have been using the earlier versions of iPhones therefore no great change with the UI on personal front. I purchased a rose gold phone but I realised that I should have gone with the black colour. The camera of iPhones are superior in all sense. The phone is sleek and light weight but slippery. Delivery was as promised. Another thing to note is, henceforth the phone are “Made in India” products.'}, {'Product': 'iphone7', 'Name': 'Mayank Chaube', 'Rating': '5', 'CommentHead': 'Perfect product!', 'Comment': 'IMPORTANT NOTICEIf you buy some apple device online there specifically i phones so 99% of it you get original phones.. but whenever you findp out best deals for yourself do ensure its imei numberSecondly, the probably of getting duplicate accessories increases with the increasing discount.. so must verify themREST the phone is superb especially when you shift first time from Android or WindowsFingerprint and Display attracted me the most\U0001f603\U0001f603'}, {'Product': 'iphone7', 'Name': 'Shariq Ahmad Beigh', 'Rating': '5', 'CommentHead': 'Awesome', 'Comment': 'Well, what can I say... iPhone is awesome as expected. Added the prompt delivery from Flipkart with great packaging. Truly satisfied...The lightening connector Air pods are amazing and a huge upgrade in voice quality when we compared it with an old iPhone earphone.Only con: Not a con really but I would have liked wireless Air Pods with this phone, but after seeing the performance of my lightening connector Air pods I have no regrets at all.'}, {'Product': 'iphone7', 'Name': 'chandan kumar panda', 'Rating': '5', 'CommentHead': 'Great product', 'Comment': "amazing phone  my first i phone 7 it is really nice and good performance valueable money \U0001f609 , it's run with IOS 13 that is osm new features and amazing features 10/10 \U0001f970\U0001f60d"}, {'Product': 'iphone7', 'Name': 'Jay Nimavat ', 'Rating': '5', 'CommentHead': 'Best in the market!', 'Comment': 'awesome product... speedy delivery before time by flipkart ... very happy thank u flipkart'}, {'Product': 'iphone7', 'Name': 'No Name', 'Rating': 'No Rating', 'CommentHead': 'No Comment Heading', 'Comment': 'awesome product... speedy delivery before time by flipkart ... very happy thank u flipkart'}]
INFO:werkzeug:192.168.29.12 - - [12/Feb/2023 17:41:19] "POST /review HTTP/1.1" 200 -
INFO:werkzeug:192.168.29.12 - - [12/Feb/2023 17:41:19] "[33mGET /style.css HTTP/1.1[0m" 404 -
INFO:werkzeug: * Restarting with watchdog (windowsapi)
WARNING:werkzeug: * Debugger is active!
INFO:werkzeug: * Debugger PIN: 102-967-804
WARNING:werkzeug: * Running on all addresses.
   WARNING: This is a development server. Do not use it in a production deployment.
INFO:werkzeug: * Running on http://192.168.29.12:5000/ (Press CTRL+C to quit)
INFO:werkzeug:192.168.29.12 - - [12/Feb/2023 18:25:39] "GET / HTTP/1.1" 200 -
INFO:werkzeug:192.168.29.12 - - [12/Feb/2023 18:25:39] "[33mGET /favicon.ico HTTP/1.1[0m" 404 -
INFO:root:No Rating
INFO:root:No Comment Heading
INFO:root:'NoneType' object has no attribute 'div'
INFO:root:log my final result [{'Product': 'samsung', 'Name': 'charan  raj', 'Rating': '4', 'CommentHead': 'Good quality product', 'Comment': "I like this product almost all aspects I'm giving my reviews after 7 day Expecially battery it amazing 50 to 20 % drop =6 hours Charging time 2 hour's 15 minutes And also display good performance also OK daily usesCamera OK"}, {'Product': 'samsung', 'Name': 'Nilmoni  Pal', 'Rating': '5', 'CommentHead': 'Just wow!', 'Comment': 'Truly speaking it is a budget smartphone at this price range. Camera quality is pretty good \U0001f44d. Performance in awesome, as well as the battery \U0001f50b life is much more satisfactory. Display quality is very good.Build quality also much attractive\U0001f44c.Thank you \U0001f60a'}, {'Product': 'samsung', 'Name': 'Jayanta Mahato', 'Rating': '5', 'CommentHead': 'Must buy!', 'Comment': 'I used to one week this phone battery backup super and camera so good so this price. thank you Flipkart Samsung and seller.\U0001f603\U0001f603\U0001f603'}, {'Product': 'samsung', 'Name': 'Flipkart Customer', 'Rating': '5', 'CommentHead': 'Terrific', 'Comment': 'Mobile is fine and satisfied for all but i think also add screen gard ( Glass ) and Back cover in box than is better for on this price . \U0001f44d\U0001f44c\U0001f60a'}, {'Product': 'samsung', 'Name': 'Bollam Sai Bharath Patel', 'Rating': '5', 'CommentHead': 'Excellent', 'Comment': "Good phone for the priceDisplay is averageCamera is good backFront average Battery okBack plastic frame average feelPerformance is good for the price Only buy this as a daily driver and don't expect heavy gaming overall a good phone for good price. final verdict: good phone for its price"}, {'Product': 'samsung', 'Name': 'Flipkart Customer', 'Rating': '5', 'CommentHead': 'Excellent', 'Comment': "Very fast delivery battery backup is good camera quality is also good and within this range we can't get much better than this"}, {'Product': 'samsung', 'Name': 'Aloka Sahu', 'Rating': '3', 'CommentHead': 'Fair', 'Comment': "This mobile is purely for normal use, I don't recommend this for heavy users. Camera is ok. The battery is really working good and long lasting. Samsung could have given a  better processor. I will recommend to choose other mobile in this price range according to processor. Otherwise everything is ok ok."}, {'Product': 'samsung', 'Name': 'Amlendu  Karn', 'Rating': '4', 'CommentHead': 'Nice product', 'Comment': 'I am using this Phone since last 7 days , Feel like Very good Handset . In this price segment it is best .'}, {'Product': 'samsung', 'Name': 'Dharambir  Singh', 'Rating': '4', 'CommentHead': 'Value-for-money', 'Comment': "The 50 MP camera performs like a 48 MP camera bit it's still good. Battery performance is above the bar. Pretty decent phone. Loved it."}, {'Product': 'samsung', 'Name': 'Rajkumar Balasubramanaim', 'Rating': '5', 'CommentHead': 'Mind-blowing purchase', 'Comment': '\U0001f31fIts a great day to day usage phone\U0001f31fBest budget segment smartphone\U0001f3c5Very durable long lasting  battery\u26a18gb Ram+ feature is good\U0001f381Gameplay is also fine but not great\u26a1Not much heating issues its gud\u2744Camera quality is good and refreshing\U0001f929Punchy viewing experience\U0001f929 despite missing amoled display.Im now a fan of samsung phone display\U0001f30c\U0001f31fThis smartphone is great value for money\U0001f31f\U0001f4afWorthy buy\U0001f4afAtlastIt is built by the world number one Smartphone brand\U0001f31fIts a great deal dont miss it...'}, {'Product': 'samsung', 'Name': 'No Name', 'Rating': 'No Rating', 'CommentHead': 'No Comment Heading', 'Comment': '\U0001f31fIts a great day to day usage phone\U0001f31fBest budget segment smartphone\U0001f3c5Very durable long lasting  battery\u26a18gb Ram+ feature is good\U0001f381Gameplay is also fine but not great\u26a1Not much heating issues its gud\u2744Camera quality is good and refreshing\U0001f929Punchy viewing experience\U0001f929 despite missing amoled display.Im now a fan of samsung phone display\U0001f30c\U0001f31fThis smartphone is great value for money\U0001f31f\U0001f4afWorthy buy\U0001f4afAtlastIt is built by the world number one Smartphone brand\U0001f31fIts a great deal dont miss it...'}]
INFO:werkzeug:192.168.29.12 - - [12/Feb/2023 18:25:45] "POST /review HTTP/1.1" 200 -
INFO:werkzeug:192.168.29.12 - - [12/Feb/2023 18:25:45] "[33mGET /style.css HTTP/1.1[0m" 404 -
INFO:werkzeug: * Detected change in 'D:\\project\\Flask\\review_scrapper\\app.py', reloading
INFO:werkzeug: * Detected change in 'D:\\project\\Flask\\review_scrapper\\app.py', reloading
INFO:werkzeug: * Detected change in 'D:\\project\\Flask\\review_scrapper\\app.py', reloading
INFO:werkzeug: * Detected change in 'D:\\project\\Flask\\review_scrapper\\app.py', reloading
INFO:werkzeug: * Restarting with watchdog (windowsapi)
WARNING:werkzeug: * Debugger is active!
INFO:werkzeug: * Debugger PIN: 102-967-804
WARNING:werkzeug: * Running on all addresses.
   WARNING: This is a development server. Do not use it in a production deployment.
INFO:werkzeug: * Running on http://192.168.29.12:5000/ (Press CTRL+C to quit)
INFO:werkzeug: * Detected change in 'D:\\project\\Flask\\review_scrapper\\app.py', reloading
INFO:werkzeug: * Detected change in 'D:\\project\\Flask\\review_scrapper\\app.py', reloading
INFO:werkzeug: * Detected change in 'D:\\project\\Flask\\review_scrapper\\app.py', reloading
INFO:werkzeug: * Detected change in 'D:\\project\\Flask\\review_scrapper\\app.py', reloading
INFO:werkzeug: * Restarting with watchdog (windowsapi)
WARNING:werkzeug: * Debugger is active!
INFO:werkzeug: * Debugger PIN: 102-967-804
WARNING:werkzeug: * Running on all addresses.
   WARNING: This is a development server. Do not use it in a production deployment.
INFO:werkzeug: * Running on http://192.168.29.12:5000/ (Press CTRL+C to quit)
INFO:werkzeug: * Detected change in 'D:\\project\\Flask\\review_scrapper\\app.py', reloading
INFO:werkzeug: * Detected change in 'D:\\project\\Flask\\review_scrapper\\app.py', reloading
INFO:werkzeug: * Detected change in 'D:\\project\\Flask\\review_scrapper\\app.py', reloading
INFO:werkzeug: * Detected change in 'D:\\project\\Flask\\review_scrapper\\app.py', reloading
INFO:werkzeug: * Restarting with watchdog (windowsapi)
WARNING:werkzeug: * Debugger is active!
INFO:werkzeug: * Debugger PIN: 102-967-804
WARNING:werkzeug: * Running on all addresses.
   WARNING: This is a development server. Do not use it in a production deployment.
INFO:werkzeug: * Running on http://192.168.29.12:5000/ (Press CTRL+C to quit)
INFO:werkzeug: * Detected change in 'D:\\project\\Flask\\review_scrapper\\app.py', reloading
INFO:werkzeug: * Detected change in 'D:\\project\\Flask\\review_scrapper\\app.py', reloading
INFO:werkzeug: * Detected change in 'D:\\project\\Flask\\review_scrapper\\app.py', reloading
INFO:werkzeug: * Restarting with watchdog (windowsapi)
WARNING:werkzeug: * Debugger is active!
INFO:werkzeug: * Debugger PIN: 102-967-804
INFO:werkzeug: * Detected change in 'D:\\project\\Flask\\review_scrapper\\app.py', reloading
INFO:werkzeug: * Detected change in 'D:\\project\\Flask\\review_scrapper\\app.py', reloading
INFO:werkzeug: * Detected change in 'D:\\project\\Flask\\review_scrapper\\app.py', reloading
INFO:werkzeug: * Detected change in 'D:\\project\\Flask\\review_scrapper\\app.py', reloading
WARNING:werkzeug: * Running on all addresses.
   WARNING: This is a development server. Do not use it in a production deployment.
INFO:werkzeug: * Running on http://192.168.29.12:5000/ (Press CTRL+C to quit)
INFO:werkzeug: * Restarting with watchdog (windowsapi)
WARNING:werkzeug: * Debugger is active!
INFO:werkzeug: * Debugger PIN: 102-967-804
WARNING:werkzeug: * Running on all addresses.
   WARNING: This is a development server. Do not use it in a production deployment.
INFO:werkzeug: * Running on http://192.168.29.12:5000/ (Press CTRL+C to quit)
INFO:werkzeug: * Restarting with watchdog (windowsapi)
WARNING:werkzeug: * Debugger is active!
INFO:werkzeug: * Debugger PIN: 102-967-804
WARNING:werkzeug: * Running on all addresses.
   WARNING: This is a development server. Do not use it in a production deployment.
INFO:werkzeug: * Running on http://192.168.29.12:5000/ (Press CTRL+C to quit)
INFO:werkzeug:192.168.29.12 - - [12/Feb/2023 18:26:45] "GET / HTTP/1.1" 200 -
INFO:root:No Rating
INFO:root:No Comment Heading
INFO:root:'NoneType' object has no attribute 'div'
INFO:root:log my final result [{'Product': 'iphone11', 'Name': 'Flipkart Customer', 'Rating': '5', 'CommentHead': 'Simply awesome', 'Comment': 'Really satisfied with the Product I received... It’s totally genuine and the packaging was also really good so if ur planning to buy just go for it.'}, {'Product': 'iphone11', 'Name': 'Flipkart Customer', 'Rating': '5', 'CommentHead': 'Perfect product!', 'Comment': 'Amazing phone with great cameras and better battery which gives you the best performance. I just love the camera .'}, {'Product': 'iphone11', 'Name': 'George Haokip', 'Rating': '4', 'CommentHead': 'Value-for-money', 'Comment': "I'm Really happy with the productDelivery was fast as well..it was a gift for my sister and she loved it so much."}, {'Product': 'iphone11', 'Name': 'Manish Raghuvanshi', 'Rating': '5', 'CommentHead': 'Best in the market!', 'Comment': 'Great iPhone very snappy experience as apple kind. Upgraded from iPhone 7. Pros-Camera top class - Battery top performed -Chipset no need to say as apple kind -Security as you expect from apple - Display super bright industry leading colour   accuracy and super responsive -Build quality as expect from apple sturdy  premium durable beautiful stylish. -Os most stable os in smartphone industry Cons -No 5G-Display is not based on OLED technology -Charger headphones and 1 apple stic...'}, {'Product': 'iphone11', 'Name': 'Jimly  Gogoi', 'Rating': '5', 'CommentHead': 'Highly recommended', 'Comment': "It's my first time to use iOS phone and I am loving my upgradation \U0001f60d\U0001f60d I love the color, I love the assebility of the phone....I need to learn more about its functionality, but as far as I have seen, it's quite easy and it has a lot of functions to work on, specially if you are a content writer or a blogger you get a lot of content creation platforms and they are really amazing. This phone not only for good quality photography but a lot of other task too.\U0001f60d\U0001f4af"}, {'Product': 'iphone11', 'Name': 'Vamshi  Chakrala ', 'Rating': '5', 'CommentHead': 'Worth every penny', 'Comment': 'Previously I was using one plus 3t it was a great phone And then I decided to upgrade I am stuck between Samsung s10 plus or iPhone 11 I have seen the specs and everything were good except the display it’s somewhere between 720-1080 and it’s not even an amoled it’s an LCD display But I decided to go with iPhone because I have never used an IOS device I have Been an android user from the past 9 years I ordered IPhone 11 (128gb) product redMy experience after using 3 weeks 1. The delivery ...'}, {'Product': 'iphone11', 'Name': 'Chirag Rajput', 'Rating': '5', 'CommentHead': 'Perfect product!', 'Comment': 'Value for money5 star rating Excellent cameraBattery backup full day in single charge.Tougher and water resistant design, glossy back.The screen has excellent brightness and contrast.Apple A13 Bionic is the fastest smartphone chip on the planet.Excellent battery life, fast charging support.Stereo speakers with great quality.'}, {'Product': 'iphone11', 'Name': 'Vishal Dubey', 'Rating': '5', 'CommentHead': 'Highly recommended', 'Comment': 'What a camera .....just awesome ..you can feel this iPhone just awesome . Good for gaming also ...try pubg in hd it’s just wow'}, {'Product': 'iphone11', 'Name': 'Rahul Verma', 'Rating': '5', 'CommentHead': 'Great product', 'Comment': 'Amazing Powerful and Durable Gadget.I’m am very happy with the camera picture quality, Amazing face id unlocked in dark room, Strong battery with perfect screen size as you can carry easily in pocket. This is my third iPhone. I shifted from android Samsung Note series to iPhone because of the strong build quality and peace of mind for next 3-4 years.Don’t think to much just go for it and I suggest you to go for minimum 128gb variant or more 256gb. I’ve attached my puppy pics and no fi...'}, {'Product': 'iphone11', 'Name': 'vijay hegde', 'Rating': '4', 'CommentHead': 'Pretty good', 'Comment': 'I was using Iphone 6s and also Oneplus 6t. Both mobiles were perfectly alright in Photos, gaming, and smooth interface . My 6s mobile getting battery issue. thought upgrade to 11. Really like this mobile of its Internal storage (compare to 6s) , camera and its touch feeling. Its a worth buying mobile for me.'}, {'Product': 'iphone11', 'Name': 'No Name', 'Rating': 'No Rating', 'CommentHead': 'No Comment Heading', 'Comment': 'I was using Iphone 6s and also Oneplus 6t. Both mobiles were perfectly alright in Photos, gaming, and smooth interface . My 6s mobile getting battery issue. thought upgrade to 11. Really like this mobile of its Internal storage (compare to 6s) , camera and its touch feeling. Its a worth buying mobile for me.'}]
INFO:werkzeug:192.168.29.12 - - [12/Feb/2023 18:26:49] "POST /review HTTP/1.1" 200 -
INFO:werkzeug:192.168.29.12 - - [12/Feb/2023 18:26:49] "[33mGET /style.css HTTP/1.1[0m" 404 -
INFO:werkzeug: * Detected change in 'D:\\project\\Flask\\review_scrapper\\app.py', reloading
INFO:werkzeug: * Detected change in 'D:\\project\\Flask\\review_scrapper\\app.py', reloading
INFO:werkzeug: * Detected change in 'D:\\project\\Flask\\review_scrapper\\app.py', reloading
INFO:werkzeug: * Detected change in 'D:\\project\\Flask\\review_scrapper\\app.py', reloading
INFO:werkzeug: * Restarting with watchdog (windowsapi)
WARNING:werkzeug: * Debugger is active!
INFO:werkzeug: * Debugger PIN: 102-967-804
WARNING:werkzeug: * Running on all addresses.
   WARNING: This is a development server. Do not use it in a production deployment.
INFO:werkzeug: * Running on http://192.168.29.12:5000/ (Press CTRL+C to quit)
INFO:werkzeug: * Detected change in 'D:\\project\\Flask\\review_scrapper\\app.py', reloading
INFO:werkzeug: * Detected change in 'D:\\project\\Flask\\review_scrapper\\app.py', reloading
INFO:werkzeug: * Detected change in 'D:\\project\\Flask\\review_scrapper\\app.py', reloading
INFO:werkzeug: * Detected change in 'D:\\project\\Flask\\review_scrapper\\app.py', reloading
INFO:werkzeug: * Restarting with watchdog (windowsapi)
INFO:werkzeug: * Restarting with watchdog (windowsapi)
WARNING:werkzeug: * Debugger is active!
INFO:werkzeug: * Debugger PIN: 102-967-804
WARNING:werkzeug: * Running on all addresses.
   WARNING: This is a development server. Do not use it in a production deployment.
INFO:werkzeug: * Running on http://192.168.29.12:5000/ (Press CTRL+C to quit)
INFO:werkzeug: * Detected change in 'D:\\project\\Flask\\review_scrapper\\app.py', reloading
INFO:werkzeug: * Restarting with watchdog (windowsapi)
WARNING:werkzeug: * Debugger is active!
INFO:werkzeug: * Debugger PIN: 102-967-804
WARNING:werkzeug: * Running on all addresses.
   WARNING: This is a development server. Do not use it in a production deployment.
INFO:werkzeug: * Running on http://192.168.29.12:5000/ (Press CTRL+C to quit)
INFO:werkzeug: * Detected change in 'D:\\project\\Flask\\review_scrapper\\app.py', reloading
INFO:werkzeug: * Detected change in 'D:\\project\\Flask\\review_scrapper\\app.py', reloading
INFO:werkzeug: * Detected change in 'D:\\project\\Flask\\review_scrapper\\app.py', reloading
INFO:werkzeug: * Restarting with watchdog (windowsapi)
WARNING:werkzeug: * Debugger is active!
INFO:werkzeug: * Debugger PIN: 102-967-804
WARNING:werkzeug: * Running on all addresses.
   WARNING: This is a development server. Do not use it in a production deployment.
INFO:werkzeug: * Running on http://192.168.29.12:5000/ (Press CTRL+C to quit)
INFO:werkzeug: * Detected change in 'D:\\project\\Flask\\review_scrapper\\app.py', reloading
INFO:werkzeug: * Detected change in 'D:\\project\\Flask\\review_scrapper\\app.py', reloading
INFO:werkzeug: * Detected change in 'D:\\project\\Flask\\review_scrapper\\app.py', reloading
INFO:werkzeug: * Detected change in 'D:\\project\\Flask\\review_scrapper\\app.py', reloading
INFO:werkzeug: * Restarting with watchdog (windowsapi)
WARNING:werkzeug: * Debugger is active!
INFO:werkzeug: * Debugger PIN: 102-967-804
WARNING:werkzeug: * Running on all addresses.
   WARNING: This is a development server. Do not use it in a production deployment.
INFO:werkzeug: * Running on http://192.168.29.12:5000/ (Press CTRL+C to quit)
INFO:werkzeug: * Restarting with watchdog (windowsapi)
WARNING:werkzeug: * Debugger is active!
INFO:werkzeug: * Debugger PIN: 102-967-804
WARNING:werkzeug: * Running on all addresses.
   WARNING: This is a development server. Do not use it in a production deployment.
INFO:werkzeug: * Running on http://192.168.29.12:5000/ (Press CTRL+C to quit)
INFO:werkzeug:192.168.29.12 - - [12/Feb/2023 18:31:37] "GET / HTTP/1.1" 200 -
INFO:root:No Rating
INFO:root:No Comment Heading
INFO:root:'NoneType' object has no attribute 'div'
INFO:root:log my final result [{'Product': 'iphone7', 'Name': 'Hemanta Sa', 'Rating': '5', 'CommentHead': 'Worth every penny', 'Comment': 'Thank u Flipkart for your fast delivery. It is awesome and very very nice.I like this very much.'}, {'Product': 'iphone7', 'Name': 'Ezzazuddin Huseni', 'Rating': '5', 'CommentHead': 'Must buy!', 'Comment': "From last 5 years my younger brother was using iphone 4s  and i bought iphone 7 for his birthday gift. When i gave gift packet to him he was thinking that my bro bought watch/pen/or something else but he didn't expected iphone 7 . When he opened, i found tear in his eye and he hug me.this all possible only because of flipkart sale coz we r from middle class family and can't afford this mobile in it's actual price so flipkart makes us happy.Thanks you flipkart \U0001f60d"}, {'Product': 'iphone7', 'Name': 'Gautam Choudhary', 'Rating': '5', 'CommentHead': 'Worth every penny', 'Comment': 'Awesome Smartphone for iPhone lover..I got it during The Big Billion Day Sale..Camera Quality AwesomePerformance is SuperbGood Display Beautiful Looking Battery performs is minus point as per trend it is not as much sufficient but not too bad..Really love it ?????Thank you Flipkart..????'}, {'Product': 'iphone7', 'Name': 'Anish Singh', 'Rating': '5', 'CommentHead': 'Simply awesome', 'Comment': "My first iPhone \u2764\ufe0fGot 3 days before expected delivery date. Thank you Flipkart.Phone is looking so classy, handy & beautiful.It's a black beauty. Sound & display quality is awesome .For best music experience use your Apple headphones, which you will get with box.Loved it \u2764\ufe0f"}, {'Product': 'iphone7', 'Name': 'suresh b', 'Rating': '4', 'CommentHead': 'Pretty good', 'Comment': 'excellent phone camera is very nice and the stereo speakers are fantastic it gives you cinematic experience with the cool retaina display .Blindly go for it value for money .'}, {'Product': 'iphone7', 'Name': 'Flipkart Customer', 'Rating': '4', 'CommentHead': 'Pretty good', 'Comment': 'I have been using the earlier versions of iPhones therefore no great change with the UI on personal front. I purchased a rose gold phone but I realised that I should have gone with the black colour. The camera of iPhones are superior in all sense. The phone is sleek and light weight but slippery. Delivery was as promised. Another thing to note is, henceforth the phone are “Made in India” products.'}, {'Product': 'iphone7', 'Name': 'Mayank Chaube', 'Rating': '5', 'CommentHead': 'Perfect product!', 'Comment': 'IMPORTANT NOTICEIf you buy some apple device online there specifically i phones so 99% of it you get original phones.. but whenever you findp out best deals for yourself do ensure its imei numberSecondly, the probably of getting duplicate accessories increases with the increasing discount.. so must verify themREST the phone is superb especially when you shift first time from Android or WindowsFingerprint and Display attracted me the most\U0001f603\U0001f603'}, {'Product': 'iphone7', 'Name': 'Shariq Ahmad Beigh', 'Rating': '5', 'CommentHead': 'Awesome', 'Comment': 'Well, what can I say... iPhone is awesome as expected. Added the prompt delivery from Flipkart with great packaging. Truly satisfied...The lightening connector Air pods are amazing and a huge upgrade in voice quality when we compared it with an old iPhone earphone.Only con: Not a con really but I would have liked wireless Air Pods with this phone, but after seeing the performance of my lightening connector Air pods I have no regrets at all.'}, {'Product': 'iphone7', 'Name': 'chandan kumar panda', 'Rating': '5', 'CommentHead': 'Great product', 'Comment': "amazing phone  my first i phone 7 it is really nice and good performance valueable money \U0001f609 , it's run with IOS 13 that is osm new features and amazing features 10/10 \U0001f970\U0001f60d"}, {'Product': 'iphone7', 'Name': 'Jay Nimavat ', 'Rating': '5', 'CommentHead': 'Best in the market!', 'Comment': 'awesome product... speedy delivery before time by flipkart ... very happy thank u flipkart'}, {'Product': 'iphone7', 'Name': 'No Name', 'Rating': 'No Rating', 'CommentHead': 'No Comment Heading', 'Comment': 'awesome product... speedy delivery before time by flipkart ... very happy thank u flipkart'}]
INFO:werkzeug:192.168.29.12 - - [12/Feb/2023 18:31:41] "POST /review HTTP/1.1" 200 -
INFO:werkzeug:192.168.29.12 - - [12/Feb/2023 18:31:41] "[33mGET /style.css HTTP/1.1[0m" 404 -
INFO:werkzeug: * Detected change in 'D:\\project\\Flask\\review_scrapper\\app.py', reloading
INFO:werkzeug: * Detected change in 'D:\\project\\Flask\\review_scrapper\\app.py', reloading
INFO:werkzeug: * Detected change in 'D:\\project\\Flask\\review_scrapper\\app.py', reloading
INFO:werkzeug: * Detected change in 'D:\\project\\Flask\\review_scrapper\\app.py', reloading
INFO:werkzeug: * Restarting with watchdog (windowsapi)
WARNING:werkzeug: * Debugger is active!
INFO:werkzeug: * Debugger PIN: 102-967-804
WARNING:werkzeug: * Running on all addresses.
   WARNING: This is a development server. Do not use it in a production deployment.
INFO:werkzeug: * Running on http://192.168.29.12:5000/ (Press CTRL+C to quit)
INFO:werkzeug: * Detected change in 'D:\\project\\Flask\\review_scrapper\\app.py', reloading
INFO:werkzeug: * Detected change in 'D:\\project\\Flask\\review_scrapper\\app.py', reloading
INFO:werkzeug: * Detected change in 'D:\\project\\Flask\\review_scrapper\\app.py', reloading
INFO:werkzeug: * Detected change in 'D:\\project\\Flask\\review_scrapper\\app.py', reloading
INFO:werkzeug: * Restarting with watchdog (windowsapi)
WARNING:werkzeug: * Debugger is active!
INFO:werkzeug: * Debugger PIN: 102-967-804
WARNING:werkzeug: * Running on all addresses.
   WARNING: This is a development server. Do not use it in a production deployment.
INFO:werkzeug: * Running on http://192.168.29.12:5000/ (Press CTRL+C to quit)
